# JRE version: OpenJDK Runtime Environment (8.0_76-b03) (build 1.8.0_76-release-b03)
# Java VM: OpenJDK 64-Bit Server VM (25.76-b03 mixed mode windows-amd64 compressed oops)
Heap:
 PSYoungGen      total 159744K, used 56876K [0x00000000e0000000, 0x00000000ebc80000, 0x0000000100000000)
  eden space 140288K, 26% used [0x00000000e0000000,0x00000000e2491a38,0x00000000e8900000)
  from space 19456K, 99% used [0x00000000ea080000,0x00000000eb3799b0,0x00000000eb380000)
  to   space 24064K, 0% used [0x00000000e8900000,0x00000000e8900000,0x00000000ea080000)
 ParOldGen       total 59904K, used 44130K [0x00000000a0000000, 0x00000000a3a80000, 0x00000000e0000000)
  object space 59904K, 73% used [0x00000000a0000000,0x00000000a2b18a20,0x00000000a3a80000)
 Metaspace       used 58475K, capacity 60750K, committed 60800K, reserved 1101824K
  class space    used 7805K, capacity 8296K, committed 8320K, reserved 1048576K
GC Heap History (10 events):
Event: 16.672 GC heap before
{Heap before GC invocations=19 (full 3):
 PSYoungGen      total 130560K, used 16894K [0x00000000e0000000, 0x00000000e9d80000, 0x0000000100000000)
  eden space 113664K, 0% used [0x00000000e0000000,0x00000000e0000000,0x00000000e6f00000)
  from space 16896K, 99% used [0x00000000e8400000,0x00000000e947faa8,0x00000000e9480000)
  to   space 21504K, 0% used [0x00000000e6f00000,0x00000000e6f00000,0x00000000e8400000)
 ParOldGen       total 59904K, used 32167K [0x00000000a0000000, 0x00000000a3a80000, 0x00000000e0000000)
  object space 59904K, 53% used [0x00000000a0000000,0x00000000a1f69ff8,0x00000000a3a80000)
 Metaspace       used 51665K, capacity 53650K, committed 53760K, reserved 1095680K
  class space    used 7093K, capacity 7574K, committed 7680K, reserved 1048576K
Event: 17.111 GC heap after
Heap after GC invocations=19 (full 3):
 PSYoungGen      total 130560K, used 0K [0x00000000e0000000, 0x00000000e9d80000, 0x0000000100000000)
  eden space 113664K, 0% used [0x00000000e0000000,0x00000000e0000000,0x00000000e6f00000)
  from space 16896K, 0% used [0x00000000e8400000,0x00000000e8400000,0x00000000e9480000)
  to   space 21504K, 0% used [0x00000000e6f00000,0x00000000e6f00000,0x00000000e8400000)
 ParOldGen       total 59904K, used 40535K [0x00000000a0000000, 0x00000000a3a80000, 0x00000000e0000000)
  object space 59904K, 67% used [0x00000000a0000000,0x00000000a2795c70,0x00000000a3a80000)
 Metaspace       used 51665K, capacity 53650K, committed 53760K, reserved 1095680K
  class space    used 7093K, capacity 7574K, committed 7680K, reserved 1048576K
}
Event: 26.088 GC heap before
{Heap before GC invocations=20 (full 3):
 PSYoungGen      total 130560K, used 113664K [0x00000000e0000000, 0x00000000e9d80000, 0x0000000100000000)
  eden space 113664K, 100% used [0x00000000e0000000,0x00000000e6f00000,0x00000000e6f00000)
  from space 16896K, 0% used [0x00000000e8400000,0x00000000e8400000,0x00000000e9480000)
  to   space 21504K, 0% used [0x00000000e6f00000,0x00000000e6f00000,0x00000000e8400000)
 ParOldGen       total 59904K, used 40535K [0x00000000a0000000, 0x00000000a3a80000, 0x00000000e0000000)
  object space 59904K, 67% used [0x00000000a0000000,0x00000000a2795c70,0x00000000a3a80000)
 Metaspace       used 52452K, capacity 54528K, committed 54784K, reserved 1095680K
  class space    used 7130K, capacity 7605K, committed 7680K, reserved 1048576K
Event: 26.120 GC heap after
Heap after GC invocations=20 (full 3):
 PSYoungGen      total 135168K, used 4512K [0x00000000e0000000, 0x00000000eb380000, 0x0000000100000000)
  eden space 113664K, 0% used [0x00000000e0000000,0x00000000e0000000,0x00000000e6f00000)
  from space 21504K, 20% used [0x00000000e6f00000,0x00000000e7368000,0x00000000e8400000)
  to   space 20992K, 0% used [0x00000000e9f00000,0x00000000e9f00000,0x00000000eb380000)
 ParOldGen       total 59904K, used 40543K [0x00000000a0000000, 0x00000000a3a80000, 0x00000000e0000000)
  object space 59904K, 67% used [0x00000000a0000000,0x00000000a2797c70,0x00000000a3a80000)
 Metaspace       used 52452K, capacity 54528K, committed 54784K, reserved 1095680K
  class space    used 7130K, capacity 7605K, committed 7680K, reserved 1048576K
}
Event: 167.337 GC heap before
{Heap before GC invocations=21 (full 3):
 PSYoungGen      total 135168K, used 118176K [0x00000000e0000000, 0x00000000eb380000, 0x0000000100000000)
  eden space 113664K, 100% used [0x00000000e0000000,0x00000000e6f00000,0x00000000e6f00000)
  from space 21504K, 20% used [0x00000000e6f00000,0x00000000e7368000,0x00000000e8400000)
  to   space 20992K, 0% used [0x00000000e9f00000,0x00000000e9f00000,0x00000000eb380000)
 ParOldGen       total 59904K, used 40543K [0x00000000a0000000, 0x00000000a3a80000, 0x00000000e0000000)
  object space 59904K, 67% used [0x00000000a0000000,0x00000000a2797c70,0x00000000a3a80000)
 Metaspace       used 56205K, capacity 58462K, committed 58496K, reserved 1099776K
  class space    used 7598K, capacity 8060K, committed 8064K, reserved 1048576K
Event: 167.352 GC heap after
Heap after GC invocations=21 (full 3):
 PSYoungGen      total 136192K, used 6471K [0x00000000e0000000, 0x00000000ea580000, 0x0000000100000000)
  eden space 129536K, 0% used [0x00000000e0000000,0x00000000e0000000,0x00000000e7e80000)
  from space 6656K, 97% used [0x00000000e9f00000,0x00000000ea551c88,0x00000000ea580000)
  to   space 19968K, 0% used [0x00000000e7e80000,0x00000000e7e80000,0x00000000e9200000)
 ParOldGen       total 59904K, used 40551K [0x00000000a0000000, 0x00000000a3a80000, 0x00000000e0000000)
  object space 59904K, 67% used [0x00000000a0000000,0x00000000a2799c70,0x00000000a3a80000)
 Metaspace       used 56205K, capacity 58462K, committed 58496K, reserved 1099776K
  class space    used 7598K, capacity 8060K, committed 8064K, reserved 1048576K
}
Event: 180.100 GC heap before
{Heap before GC invocations=22 (full 3):
 PSYoungGen      total 136192K, used 136007K [0x00000000e0000000, 0x00000000ea580000, 0x0000000100000000)
  eden space 129536K, 100% used [0x00000000e0000000,0x00000000e7e80000,0x00000000e7e80000)
  from space 6656K, 97% used [0x00000000e9f00000,0x00000000ea551c88,0x00000000ea580000)
  to   space 19968K, 0% used [0x00000000e7e80000,0x00000000e7e80000,0x00000000e9200000)
 ParOldGen       total 59904K, used 40551K [0x00000000a0000000, 0x00000000a3a80000, 0x00000000e0000000)
  object space 59904K, 67% used [0x00000000a0000000,0x00000000a2799c70,0x00000000a3a80000)
 Metaspace       used 57297K, capacity 59550K, committed 59776K, reserved 1101824K
  class space    used 7715K, capacity 8214K, committed 8320K, reserved 1048576K
Event: 180.124 GC heap after
Heap after GC invocations=22 (full 3):
 PSYoungGen      total 149504K, used 10308K [0x00000000e0000000, 0x00000000eb380000, 0x0000000100000000)
  eden space 129536K, 0% used [0x00000000e0000000,0x00000000e0000000,0x00000000e7e80000)
  from space 19968K, 51% used [0x00000000e7e80000,0x00000000e88912f8,0x00000000e9200000)
  to   space 19456K, 0% used [0x00000000ea080000,0x00000000ea080000,0x00000000eb380000)
 ParOldGen       total 59904K, used 40559K [0x00000000a0000000, 0x00000000a3a80000, 0x00000000e0000000)
  object space 59904K, 67% used [0x00000000a0000000,0x00000000a279bc70,0x00000000a3a80000)
 Metaspace       used 57297K, capacity 59550K, committed 59776K, reserved 1101824K
  class space    used 7715K, capacity 8214K, committed 8320K, reserved 1048576K
}
Event: 204.238 GC heap before
{Heap before GC invocations=23 (full 3):
 PSYoungGen      total 149504K, used 139844K [0x00000000e0000000, 0x00000000eb380000, 0x0000000100000000)
  eden space 129536K, 100% used [0x00000000e0000000,0x00000000e7e80000,0x00000000e7e80000)
  from space 19968K, 51% used [0x00000000e7e80000,0x00000000e88912f8,0x00000000e9200000)
  to   space 19456K, 0% used [0x00000000ea080000,0x00000000ea080000,0x00000000eb380000)
 ParOldGen       total 59904K, used 40559K [0x00000000a0000000, 0x00000000a3a80000, 0x00000000e0000000)
  object space 59904K, 67% used [0x00000000a0000000,0x00000000a279bc70,0x00000000a3a80000)
 Metaspace       used 58360K, capacity 60610K, committed 60800K, reserved 1101824K
  class space    used 7791K, capacity 8294K, committed 8320K, reserved 1048576K
Event: 204.420 GC heap after
Heap after GC invocations=23 (full 3):
 PSYoungGen      total 159744K, used 19430K [0x00000000e0000000, 0x00000000ebc80000, 0x0000000100000000)
  eden space 140288K, 0% used [0x00000000e0000000,0x00000000e0000000,0x00000000e8900000)
  from space 19456K, 99% used [0x00000000ea080000,0x00000000eb3799b0,0x00000000eb380000)
  to   space 24064K, 0% used [0x00000000e8900000,0x00000000e8900000,0x00000000ea080000)
 ParOldGen       total 59904K, used 44130K [0x00000000a0000000, 0x00000000a3a80000, 0x00000000e0000000)
  object space 59904K, 73% used [0x00000000a0000000,0x00000000a2b18a20,0x00000000a3a80000)
 Metaspace       used 58360K, capacity 60610K, committed 60800K, reserved 1101824K
  class space    used 7791K, capacity 8294K, committed 8320K, reserved 1048576K
}

